2025-11-27 19:51:45,470 - __main__ - INFO - ============================================================
2025-11-27 19:51:45,470 - __main__ - INFO - ============================================================
2025-11-27 19:51:47,190 - __main__ - INFO - Startup check: SOL balance = 2.184667
2025-11-27 19:51:48,882 - exchange - INFO - Selling 2.184000 SOLUSDT @ 142.9200
2025-11-27 19:51:49,190 - exchange - ERROR - API error in market sell: APIError(code=-2010): This symbol is not permitted for this account.
2025-11-27 19:51:49,190 - exchange - ERROR - Error in market_sell_all_sol: APIError(code=-2010): This symbol is not permitted for this account.
2025-11-27 19:51:49,190 - __main__ - ERROR - Error during startup sell: APIError(code=-2010): This symbol is not permitted for this account.
2025-11-27 19:51:49,244 - __main__ - INFO - Initial state: holding=False, buy_price=0.0, peak_price=0.0
2025-11-27 20:46:29,089 - __main__ - INFO - ============================================================
2025-11-27 20:46:29,105 - __main__ - INFO - ============================================================
2025-11-27 20:46:30,683 - __main__ - INFO - Startup check: SOL balance = 2.278639
2025-11-27 20:46:31,961 - exchange - INFO - Selling 2.278000 SOLUSDC @ 142.6900
2025-11-27 20:46:32,303 - __main__ - INFO - Initial state: holding=False, buy_price=0.0, peak_price=0.0
2025-11-27 21:00:40,669 - __main__ - INFO - ============================================================
2025-11-27 21:00:40,669 - __main__ - INFO - SolSpotBot Starting...
2025-11-27 21:00:40,669 - __main__ - INFO - ============================================================
2025-11-27 21:00:41,908 - exchange - INFO - Connected to Binance Spot API
2025-11-27 21:00:41,915 - __main__ - INFO - Loaded state: {'FIRST_RUN_SELL_DONE': True}
2025-11-27 21:00:41,915 - __main__ - INFO - FIRST_RUN_SELL_DONE already set, skipping startup sell
2025-11-27 21:00:41,916 - __main__ - INFO - Initial state: holding=False, buy_price=0.0, peak_price=0.0
2025-11-27 21:00:41,916 - __main__ - INFO - Entering main trading loop...
2025-11-27 22:37:11,924 - __main__ - INFO - Bot stopped by user
2025-11-27 22:38:07,354 - __main__ - INFO - ============================================================
2025-11-27 22:38:07,354 - __main__ - INFO - SolSpotBot Starting...
2025-11-27 22:38:07,354 - __main__ - INFO - ============================================================
2025-11-27 22:38:08,597 - exchange - INFO - Connected to Binance Spot API
2025-11-27 22:38:08,597 - __main__ - INFO - Loaded state: {'FIRST_RUN_SELL_DONE': True}
2025-11-27 22:38:11,296 - telegram_bot - WARNING - Telegram API error - message not sent: 401 Client Error: Unauthorized for url: https://api.telegram.org/bot8213930058:AAGP1UBsKI_YjqDbPH2eu1VeJNQorH_miuc/sendMessage?chat_id=8296401355&text=%F0%9F%9A%80+SolSpotBot+started%0AFIRST_RUN_SELL_DONE%3DTrue%0ASymbol%3DSOLUSDC
2025-11-27 22:38:11,296 - __main__ - INFO - FIRST_RUN_SELL_DONE already set, skipping startup sell
2025-11-27 22:38:11,296 - __main__ - INFO - Initial state: holding=False, buy_price=0.0, peak_price=0.0
2025-11-27 22:38:11,296 - __main__ - INFO - Entering main trading loop...
2025-11-27 22:43:29,423 - __main__ - INFO - Bot stopped by user
2025-11-27 22:43:42,445 - __main__ - INFO - ============================================================
2025-11-27 22:43:42,445 - __main__ - INFO - SolSpotBot Starting...
2025-11-27 22:43:42,445 - __main__ - INFO - ============================================================
2025-11-27 22:43:43,630 - exchange - INFO - Connected to Binance Spot API
2025-11-27 22:43:43,630 - __main__ - INFO - Loaded state: {'FIRST_RUN_SELL_DONE': True}
2025-11-27 22:43:44,408 - __main__ - INFO - FIRST_RUN_SELL_DONE already set, skipping startup sell
2025-11-27 22:43:44,408 - __main__ - INFO - Initial state: holding=False, buy_price=0.0, peak_price=0.0
2025-11-27 22:43:44,408 - __main__ - INFO - Entering main trading loop...
2025-11-27 23:24:39,874 - __main__ - INFO - Bot stopped by user
